<?xml version="1.0" encoding="UTF-8"?>
<coverage generated="1662046220839" clover="3.2.0">
  <project timestamp="1662046220839" name="All files">
    <metrics statements="18" coveredstatements="18" conditionals="2" coveredconditionals="2" methods="8" coveredmethods="8" elements="28" coveredelements="28" complexity="0" loc="18" ncloc="18" packages="1" files="5" classes="5"/>
    <file name="CommentList.js" path="C:\Users\Carlos\Documents\Microverse\Program\Module 02\API-based-webapp\src\module\CommentList.js">
      <metrics statements="2" coveredstatements="2" conditionals="1" coveredconditionals="1" methods="2" coveredmethods="2"/>
      <line num="3" count="2" type="stmt"/>
      <line num="7" count="3" type="stmt"/>
    </file>
    <file name="comment.js" path="C:\Users\Carlos\Documents\Microverse\Program\Module 02\API-based-webapp\src\module\comment.js">
      <metrics statements="3" coveredstatements="3" conditionals="0" coveredconditionals="0" methods="1" coveredmethods="1"/>
      <line num="3" count="3" type="stmt"/>
      <line num="4" count="3" type="stmt"/>
      <line num="5" count="3" type="stmt"/>
    </file>
    <file name="movie.js" path="C:\Users\Carlos\Documents\Microverse\Program\Module 02\API-based-webapp\src\module\movie.js">
      <metrics statements="9" coveredstatements="9" conditionals="0" coveredconditionals="0" methods="1" coveredmethods="1"/>
      <line num="3" count="3" type="stmt"/>
      <line num="4" count="3" type="stmt"/>
      <line num="5" count="3" type="stmt"/>
      <line num="6" count="3" type="stmt"/>
      <line num="7" count="3" type="stmt"/>
      <line num="8" count="3" type="stmt"/>
      <line num="9" count="3" type="stmt"/>
      <line num="10" count="3" type="stmt"/>
      <line num="11" count="3" type="stmt"/>
    </file>
    <file name="movieList.js" path="C:\Users\Carlos\Documents\Microverse\Program\Module 02\API-based-webapp\src\module\movieList.js">
      <metrics statements="3" coveredstatements="3" conditionals="1" coveredconditionals="1" methods="3" coveredmethods="3"/>
      <line num="3" count="2" type="stmt"/>
      <line num="7" count="3" type="stmt"/>
      <line num="11" count="2" type="stmt"/>
    </file>
    <file name="services.js" path="C:\Users\Carlos\Documents\Microverse\Program\Module 02\API-based-webapp\src\module\services.js">
      <metrics statements="1" coveredstatements="1" conditionals="0" coveredconditionals="0" methods="1" coveredmethods="1"/>
      <line num="1" count="2" type="stmt"/>
    </file>
  </project>
</coverage>
